mode: set
github.com/example/projectdb/internal/service/area_service.go:26.51,28.2 1 0
github.com/example/projectdb/internal/service/area_service.go:31.72,33.16 2 0
github.com/example/projectdb/internal/service/area_service.go:33.16,35.3 1 0
github.com/example/projectdb/internal/service/area_service.go:37.2,38.27 2 0
github.com/example/projectdb/internal/service/area_service.go:38.27,40.3 1 0
github.com/example/projectdb/internal/service/area_service.go:41.2,41.19 1 0
github.com/example/projectdb/internal/service/area_service.go:45.85,47.16 2 0
github.com/example/projectdb/internal/service/area_service.go:47.16,49.3 1 0
github.com/example/projectdb/internal/service/area_service.go:50.2,51.19 2 0
github.com/example/projectdb/internal/service/area_service.go:55.106,58.16 2 0
github.com/example/projectdb/internal/service/area_service.go:58.16,60.3 1 0
github.com/example/projectdb/internal/service/area_service.go:61.2,64.16 3 0
github.com/example/projectdb/internal/service/area_service.go:64.16,66.3 1 0
github.com/example/projectdb/internal/service/area_service.go:68.2,79.16 3 0
github.com/example/projectdb/internal/service/area_service.go:79.16,81.3 1 0
github.com/example/projectdb/internal/service/area_service.go:83.2,84.21 2 0
github.com/example/projectdb/internal/service/area_service.go:88.117,97.16 3 0
github.com/example/projectdb/internal/service/area_service.go:97.16,99.3 1 0
github.com/example/projectdb/internal/service/area_service.go:101.2,102.21 2 0
github.com/example/projectdb/internal/service/area_service.go:106.92,113.2 2 0
github.com/example/projectdb/internal/service/area_service.go:116.79,117.29 1 0
github.com/example/projectdb/internal/service/area_service.go:117.29,118.55 1 0
github.com/example/projectdb/internal/service/area_service.go:118.55,120.4 1 0
github.com/example/projectdb/internal/service/area_service.go:122.2,122.12 1 0
github.com/example/projectdb/internal/service/area_service.go:126.72,134.2 4 0
github.com/example/projectdb/internal/service/area_service.go:137.72,139.61 1 0
github.com/example/projectdb/internal/service/area_service.go:139.61,141.3 1 0
github.com/example/projectdb/internal/service/area_service.go:142.2,142.64 1 0
github.com/example/projectdb/internal/service/area_service.go:142.64,144.3 1 0
github.com/example/projectdb/internal/service/area_service.go:145.2,145.61 1 0
github.com/example/projectdb/internal/service/area_service.go:145.61,147.3 1 0
github.com/example/projectdb/internal/service/area_service.go:148.2,148.39 1 0
github.com/example/projectdb/internal/service/area_service.go:152.84,154.16 2 0
github.com/example/projectdb/internal/service/area_service.go:154.16,156.3 1 0
github.com/example/projectdb/internal/service/area_service.go:158.2,159.16 2 0
github.com/example/projectdb/internal/service/area_service.go:159.16,161.3 1 0
github.com/example/projectdb/internal/service/area_service.go:163.2,164.16 2 0
github.com/example/projectdb/internal/service/area_service.go:164.16,166.3 1 0
github.com/example/projectdb/internal/service/area_service.go:168.2,172.8 1 0
github.com/example/projectdb/internal/service/project_service.go:31.57,33.2 1 1
github.com/example/projectdb/internal/service/project_service.go:50.107,51.28 1 0
github.com/example/projectdb/internal/service/project_service.go:51.28,52.78 1 0
github.com/example/projectdb/internal/service/project_service.go:52.78,54.4 1 0
github.com/example/projectdb/internal/service/project_service.go:57.2,71.16 2 0
github.com/example/projectdb/internal/service/project_service.go:71.16,73.3 1 0
github.com/example/projectdb/internal/service/project_service.go:75.2,76.29 2 0
github.com/example/projectdb/internal/service/project_service.go:76.29,78.3 1 0
github.com/example/projectdb/internal/service/project_service.go:80.2,81.32 2 0
github.com/example/projectdb/internal/service/project_service.go:81.32,83.3 1 0
github.com/example/projectdb/internal/service/project_service.go:85.2,86.30 2 0
github.com/example/projectdb/internal/service/project_service.go:86.30,88.3 1 0
github.com/example/projectdb/internal/service/project_service.go:90.2,110.16 3 0
github.com/example/projectdb/internal/service/project_service.go:110.16,112.3 1 0
github.com/example/projectdb/internal/service/project_service.go:114.2,115.21 2 0
github.com/example/projectdb/internal/service/project_service.go:118.91,120.16 2 0
github.com/example/projectdb/internal/service/project_service.go:120.16,121.36 1 0
github.com/example/projectdb/internal/service/project_service.go:121.36,123.4 1 0
github.com/example/projectdb/internal/service/project_service.go:124.3,124.18 1 0
github.com/example/projectdb/internal/service/project_service.go:126.2,127.21 2 0
github.com/example/projectdb/internal/service/project_service.go:130.105,132.16 2 0
github.com/example/projectdb/internal/service/project_service.go:132.16,134.3 1 0
github.com/example/projectdb/internal/service/project_service.go:136.2,137.27 2 0
github.com/example/projectdb/internal/service/project_service.go:137.27,139.3 1 0
github.com/example/projectdb/internal/service/project_service.go:140.2,140.22 1 0
github.com/example/projectdb/internal/service/project_service.go:143.103,145.16 2 0
github.com/example/projectdb/internal/service/project_service.go:145.16,147.3 1 0
github.com/example/projectdb/internal/service/project_service.go:149.2,150.27 2 0
github.com/example/projectdb/internal/service/project_service.go:150.27,152.3 1 0
github.com/example/projectdb/internal/service/project_service.go:153.2,153.22 1 0
github.com/example/projectdb/internal/service/project_service.go:156.81,158.16 2 1
github.com/example/projectdb/internal/service/project_service.go:158.16,160.3 1 1
github.com/example/projectdb/internal/service/project_service.go:162.2,163.27 2 1
github.com/example/projectdb/internal/service/project_service.go:163.27,165.3 1 1
github.com/example/projectdb/internal/service/project_service.go:166.2,166.22 1 1
github.com/example/projectdb/internal/service/project_service.go:169.115,171.16 2 0
github.com/example/projectdb/internal/service/project_service.go:171.16,173.3 1 0
github.com/example/projectdb/internal/service/project_service.go:175.2,176.27 2 0
github.com/example/projectdb/internal/service/project_service.go:176.27,178.3 1 0
github.com/example/projectdb/internal/service/project_service.go:179.2,179.22 1 0
github.com/example/projectdb/internal/service/project_service.go:182.114,184.16 2 0
github.com/example/projectdb/internal/service/project_service.go:184.16,186.3 1 0
github.com/example/projectdb/internal/service/project_service.go:188.2,189.27 2 0
github.com/example/projectdb/internal/service/project_service.go:189.27,191.3 1 0
github.com/example/projectdb/internal/service/project_service.go:192.2,192.22 1 0
github.com/example/projectdb/internal/service/project_service.go:195.114,196.21 1 1
github.com/example/projectdb/internal/service/project_service.go:196.21,198.3 1 1
github.com/example/projectdb/internal/service/project_service.go:200.2,201.16 2 1
github.com/example/projectdb/internal/service/project_service.go:201.16,203.3 1 1
github.com/example/projectdb/internal/service/project_service.go:205.2,206.32 2 1
github.com/example/projectdb/internal/service/project_service.go:206.32,208.3 1 1
github.com/example/projectdb/internal/service/project_service.go:210.2,211.38 2 1
github.com/example/projectdb/internal/service/project_service.go:211.38,212.57 1 1
github.com/example/projectdb/internal/service/project_service.go:212.57,214.4 1 1
github.com/example/projectdb/internal/service/project_service.go:217.2,217.20 1 1
github.com/example/projectdb/internal/service/project_service.go:224.8,225.65 1 1
github.com/example/projectdb/internal/service/project_service.go:225.65,227.3 1 1
github.com/example/projectdb/internal/service/project_service.go:229.2,229.29 1 1
github.com/example/projectdb/internal/service/project_service.go:229.29,230.62 1 1
github.com/example/projectdb/internal/service/project_service.go:230.62,232.4 1 1
github.com/example/projectdb/internal/service/project_service.go:235.2,235.14 1 1
github.com/example/projectdb/internal/service/project_service.go:254.107,255.28 1 0
github.com/example/projectdb/internal/service/project_service.go:255.28,256.85 1 0
github.com/example/projectdb/internal/service/project_service.go:256.85,258.4 1 0
github.com/example/projectdb/internal/service/project_service.go:261.2,262.28 2 0
github.com/example/projectdb/internal/service/project_service.go:262.28,264.3 1 0
github.com/example/projectdb/internal/service/project_service.go:266.2,284.16 3 0
github.com/example/projectdb/internal/service/project_service.go:284.16,285.36 1 0
github.com/example/projectdb/internal/service/project_service.go:285.36,287.4 1 0
github.com/example/projectdb/internal/service/project_service.go:288.3,288.18 1 0
github.com/example/projectdb/internal/service/project_service.go:291.2,292.21 2 0
github.com/example/projectdb/internal/service/project_service.go:295.75,302.16 4 0
github.com/example/projectdb/internal/service/project_service.go:302.16,303.36 1 0
github.com/example/projectdb/internal/service/project_service.go:303.36,305.4 1 0
github.com/example/projectdb/internal/service/project_service.go:306.3,306.13 1 0
github.com/example/projectdb/internal/service/project_service.go:308.2,308.12 1 0
github.com/example/projectdb/internal/service/project_service.go:311.75,313.2 1 0
github.com/example/projectdb/internal/service/project_service.go:315.90,317.16 2 0
github.com/example/projectdb/internal/service/project_service.go:317.16,319.3 1 0
github.com/example/projectdb/internal/service/project_service.go:321.2,322.16 2 0
github.com/example/projectdb/internal/service/project_service.go:322.16,324.3 1 0
github.com/example/projectdb/internal/service/project_service.go:326.2,329.8 1 0
github.com/example/projectdb/internal/service/project_service.go:332.112,333.46 1 0
github.com/example/projectdb/internal/service/project_service.go:333.46,335.3 1 0
github.com/example/projectdb/internal/service/project_service.go:337.2,338.6 2 0
github.com/example/projectdb/internal/service/project_service.go:338.6,340.17 2 0
github.com/example/projectdb/internal/service/project_service.go:340.17,341.37 1 0
github.com/example/projectdb/internal/service/project_service.go:341.37,343.5 1 0
github.com/example/projectdb/internal/service/project_service.go:344.4,344.14 1 0
github.com/example/projectdb/internal/service/project_service.go:347.3,347.49 1 0
github.com/example/projectdb/internal/service/project_service.go:347.49,349.4 1 0
github.com/example/projectdb/internal/service/project_service.go:351.3,351.29 1 0
github.com/example/projectdb/internal/service/project_service.go:351.29,353.4 1 0
github.com/example/projectdb/internal/service/project_service.go:353.9,354.9 1 0
github.com/example/projectdb/internal/service/project_service.go:358.2,358.12 1 0
github.com/example/projectdb/internal/service/project_service.go:361.34,362.14 1 0
github.com/example/projectdb/internal/service/project_service.go:362.14,364.3 1 0
github.com/example/projectdb/internal/service/project_service.go:365.2,365.11 1 0
github.com/example/projectdb/internal/service/subarea_service.go:26.57,28.2 1 0
github.com/example/projectdb/internal/service/subarea_service.go:30.127,32.16 2 0
github.com/example/projectdb/internal/service/subarea_service.go:32.16,34.3 1 0
github.com/example/projectdb/internal/service/subarea_service.go:36.2,47.16 3 0
github.com/example/projectdb/internal/service/subarea_service.go:47.16,49.3 1 0
github.com/example/projectdb/internal/service/subarea_service.go:51.2,52.21 2 0
github.com/example/projectdb/internal/service/subarea_service.go:55.91,57.16 2 0
github.com/example/projectdb/internal/service/subarea_service.go:57.16,58.36 1 0
github.com/example/projectdb/internal/service/subarea_service.go:58.36,60.4 1 0
github.com/example/projectdb/internal/service/subarea_service.go:61.3,61.18 1 0
github.com/example/projectdb/internal/service/subarea_service.go:63.2,64.21 2 0
github.com/example/projectdb/internal/service/subarea_service.go:67.99,69.16 2 0
github.com/example/projectdb/internal/service/subarea_service.go:69.16,71.3 1 0
github.com/example/projectdb/internal/service/subarea_service.go:73.2,74.27 2 0
github.com/example/projectdb/internal/service/subarea_service.go:74.27,77.3 2 0
github.com/example/projectdb/internal/service/subarea_service.go:78.2,78.22 1 0
github.com/example/projectdb/internal/service/subarea_service.go:81.138,91.16 3 0
github.com/example/projectdb/internal/service/subarea_service.go:91.16,92.36 1 0
github.com/example/projectdb/internal/service/subarea_service.go:92.36,94.4 1 0
github.com/example/projectdb/internal/service/subarea_service.go:95.3,95.18 1 0
github.com/example/projectdb/internal/service/subarea_service.go:98.2,99.21 2 0
github.com/example/projectdb/internal/service/subarea_service.go:102.75,109.16 4 0
github.com/example/projectdb/internal/service/subarea_service.go:109.16,110.36 1 0
github.com/example/projectdb/internal/service/subarea_service.go:110.36,112.4 1 0
github.com/example/projectdb/internal/service/subarea_service.go:113.3,113.13 1 0
github.com/example/projectdb/internal/service/subarea_service.go:115.2,115.12 1 0
github.com/example/projectdb/internal/service/subarea_service.go:118.75,120.2 1 0
github.com/example/projectdb/internal/service/subarea_service.go:122.90,124.16 2 0
github.com/example/projectdb/internal/service/subarea_service.go:124.16,126.3 1 0
github.com/example/projectdb/internal/service/subarea_service.go:128.2,130.8 1 0
github.com/example/projectdb/internal/service/subarea_service.go:133.128,135.2 1 0
github.com/example/projectdb/internal/service/subarea_service.go:137.81,139.16 2 0
github.com/example/projectdb/internal/service/subarea_service.go:139.16,141.3 1 0
github.com/example/projectdb/internal/service/subarea_service.go:143.2,144.27 2 0
github.com/example/projectdb/internal/service/subarea_service.go:144.27,147.3 2 0
github.com/example/projectdb/internal/service/subarea_service.go:148.2,148.22 1 0
github.com/example/projectdb/internal/service/task_service.go:22.51,24.2 1 0
github.com/example/projectdb/internal/service/task_service.go:39.98,52.16 2 0
github.com/example/projectdb/internal/service/task_service.go:52.16,54.3 1 0
github.com/example/projectdb/internal/service/task_service.go:56.2,57.27 2 0
github.com/example/projectdb/internal/service/task_service.go:57.27,59.3 1 0
github.com/example/projectdb/internal/service/task_service.go:61.2,62.26 2 0
github.com/example/projectdb/internal/service/task_service.go:62.26,64.3 1 0
github.com/example/projectdb/internal/service/task_service.go:66.2,67.27 2 0
github.com/example/projectdb/internal/service/task_service.go:67.27,69.3 1 0
github.com/example/projectdb/internal/service/task_service.go:71.2,72.17 2 0
github.com/example/projectdb/internal/service/task_service.go:72.17,74.3 1 0
github.com/example/projectdb/internal/service/task_service.go:76.2,77.33 2 0
github.com/example/projectdb/internal/service/task_service.go:77.33,79.3 1 0
github.com/example/projectdb/internal/service/task_service.go:81.2,99.16 3 0
github.com/example/projectdb/internal/service/task_service.go:99.16,101.3 1 0
github.com/example/projectdb/internal/service/task_service.go:103.2,104.21 2 0
github.com/example/projectdb/internal/service/task_service.go:107.85,109.16 2 0
github.com/example/projectdb/internal/service/task_service.go:109.16,110.36 1 0
github.com/example/projectdb/internal/service/task_service.go:110.36,112.4 1 0
github.com/example/projectdb/internal/service/task_service.go:113.3,113.18 1 0
github.com/example/projectdb/internal/service/task_service.go:115.2,116.21 2 0
github.com/example/projectdb/internal/service/task_service.go:119.99,121.16 2 0
github.com/example/projectdb/internal/service/task_service.go:121.16,123.3 1 0
github.com/example/projectdb/internal/service/task_service.go:125.2,126.27 2 0
github.com/example/projectdb/internal/service/task_service.go:126.27,128.3 1 0
github.com/example/projectdb/internal/service/task_service.go:129.2,129.19 1 0
github.com/example/projectdb/internal/service/task_service.go:132.106,134.16 2 0
github.com/example/projectdb/internal/service/task_service.go:134.16,136.3 1 0
github.com/example/projectdb/internal/service/task_service.go:138.2,139.27 2 0
github.com/example/projectdb/internal/service/task_service.go:139.27,141.3 1 0
github.com/example/projectdb/internal/service/task_service.go:142.2,142.19 1 0
github.com/example/projectdb/internal/service/task_service.go:145.112,147.16 2 0
github.com/example/projectdb/internal/service/task_service.go:147.16,149.3 1 0
github.com/example/projectdb/internal/service/task_service.go:151.2,152.27 2 0
github.com/example/projectdb/internal/service/task_service.go:152.27,154.3 1 0
github.com/example/projectdb/internal/service/task_service.go:155.2,155.19 1 0
github.com/example/projectdb/internal/service/task_service.go:158.76,160.16 2 0
github.com/example/projectdb/internal/service/task_service.go:160.16,162.3 1 0
github.com/example/projectdb/internal/service/task_service.go:164.2,165.27 2 0
github.com/example/projectdb/internal/service/task_service.go:165.27,167.3 1 0
github.com/example/projectdb/internal/service/task_service.go:168.2,168.19 1 0
github.com/example/projectdb/internal/service/task_service.go:171.75,173.16 2 0
github.com/example/projectdb/internal/service/task_service.go:173.16,175.3 1 0
github.com/example/projectdb/internal/service/task_service.go:177.2,178.27 2 0
github.com/example/projectdb/internal/service/task_service.go:178.27,180.3 1 0
github.com/example/projectdb/internal/service/task_service.go:181.2,181.19 1 0
github.com/example/projectdb/internal/service/task_service.go:197.98,199.29 2 0
github.com/example/projectdb/internal/service/task_service.go:199.29,201.3 1 0
github.com/example/projectdb/internal/service/task_service.go:203.2,204.28 2 0
github.com/example/projectdb/internal/service/task_service.go:204.28,206.3 1 0
github.com/example/projectdb/internal/service/task_service.go:208.2,209.19 2 0
github.com/example/projectdb/internal/service/task_service.go:209.19,211.3 1 0
github.com/example/projectdb/internal/service/task_service.go:213.2,214.35 2 0
github.com/example/projectdb/internal/service/task_service.go:214.35,216.3 1 0
github.com/example/projectdb/internal/service/task_service.go:218.2,233.16 3 0
github.com/example/projectdb/internal/service/task_service.go:233.16,234.36 1 0
github.com/example/projectdb/internal/service/task_service.go:234.36,236.4 1 0
github.com/example/projectdb/internal/service/task_service.go:237.3,237.18 1 0
github.com/example/projectdb/internal/service/task_service.go:240.2,241.21 2 0
github.com/example/projectdb/internal/service/task_service.go:244.72,251.16 4 0
github.com/example/projectdb/internal/service/task_service.go:251.16,252.36 1 0
github.com/example/projectdb/internal/service/task_service.go:252.36,254.4 1 0
github.com/example/projectdb/internal/service/task_service.go:255.3,255.13 1 0
github.com/example/projectdb/internal/service/task_service.go:257.2,257.12 1 0
github.com/example/projectdb/internal/service/task_service.go:260.72,262.2 1 0
github.com/example/projectdb/internal/service/task_service.go:264.113,266.16 2 0
github.com/example/projectdb/internal/service/task_service.go:266.16,268.3 1 0
github.com/example/projectdb/internal/service/task_service.go:270.2,270.47 1 0
github.com/example/projectdb/internal/service/task_service.go:270.47,272.3 1 0
github.com/example/projectdb/internal/service/task_service.go:274.2,285.4 1 0
github.com/example/projectdb/internal/service/task_service.go:288.91,290.2 1 0
github.com/example/projectdb/internal/service/task_service.go:292.119,294.16 2 0
github.com/example/projectdb/internal/service/task_service.go:294.16,296.3 1 0
github.com/example/projectdb/internal/service/task_service.go:298.2,298.51 1 0
github.com/example/projectdb/internal/service/task_service.go:298.51,300.3 1 0
github.com/example/projectdb/internal/service/task_service.go:302.2,313.4 1 0
github.com/example/projectdb/internal/service/task_service.go:316.90,318.16 2 0
github.com/example/projectdb/internal/service/task_service.go:318.16,320.3 1 0
github.com/example/projectdb/internal/service/task_service.go:322.2,323.17 2 0
github.com/example/projectdb/internal/service/task_service.go:323.17,325.3 1 0
github.com/example/projectdb/internal/service/task_service.go:325.8,327.3 1 0
github.com/example/projectdb/internal/service/task_service.go:329.2,336.16 3 0
github.com/example/projectdb/internal/service/task_service.go:336.16,337.36 1 0
github.com/example/projectdb/internal/service/task_service.go:337.36,339.4 1 0
github.com/example/projectdb/internal/service/task_service.go:340.3,340.18 1 0
github.com/example/projectdb/internal/service/task_service.go:343.2,344.21 2 0
