mode: set
github.com/marekbrze/dopadone/internal/service/area_service.go:32.78,34.2 1 0
github.com/marekbrze/dopadone/internal/service/area_service.go:37.72,39.16 2 0
github.com/marekbrze/dopadone/internal/service/area_service.go:39.16,41.3 1 0
github.com/marekbrze/dopadone/internal/service/area_service.go:43.2,44.27 2 0
github.com/marekbrze/dopadone/internal/service/area_service.go:44.27,46.3 1 0
github.com/marekbrze/dopadone/internal/service/area_service.go:47.2,47.19 1 0
github.com/marekbrze/dopadone/internal/service/area_service.go:51.85,53.16 2 0
github.com/marekbrze/dopadone/internal/service/area_service.go:53.16,54.36 1 0
github.com/marekbrze/dopadone/internal/service/area_service.go:54.36,56.4 1 0
github.com/marekbrze/dopadone/internal/service/area_service.go:57.3,57.18 1 0
github.com/marekbrze/dopadone/internal/service/area_service.go:59.2,60.19 2 0
github.com/marekbrze/dopadone/internal/service/area_service.go:64.106,67.16 2 0
github.com/marekbrze/dopadone/internal/service/area_service.go:67.16,69.3 1 0
github.com/marekbrze/dopadone/internal/service/area_service.go:70.2,73.16 3 0
github.com/marekbrze/dopadone/internal/service/area_service.go:73.16,75.3 1 0
github.com/marekbrze/dopadone/internal/service/area_service.go:77.2,88.16 3 0
github.com/marekbrze/dopadone/internal/service/area_service.go:88.16,90.3 1 0
github.com/marekbrze/dopadone/internal/service/area_service.go:92.2,93.21 2 0
github.com/marekbrze/dopadone/internal/service/area_service.go:97.117,106.16 3 0
github.com/marekbrze/dopadone/internal/service/area_service.go:106.16,108.3 1 0
github.com/marekbrze/dopadone/internal/service/area_service.go:110.2,111.21 2 0
github.com/marekbrze/dopadone/internal/service/area_service.go:115.92,122.2 2 0
github.com/marekbrze/dopadone/internal/service/area_service.go:125.79,126.17 1 0
github.com/marekbrze/dopadone/internal/service/area_service.go:126.17,127.30 1 0
github.com/marekbrze/dopadone/internal/service/area_service.go:127.30,128.56 1 0
github.com/marekbrze/dopadone/internal/service/area_service.go:128.56,130.5 1 0
github.com/marekbrze/dopadone/internal/service/area_service.go:132.3,132.13 1 0
github.com/marekbrze/dopadone/internal/service/area_service.go:135.2,135.82 1 0
github.com/marekbrze/dopadone/internal/service/area_service.go:135.82,136.30 1 0
github.com/marekbrze/dopadone/internal/service/area_service.go:136.30,142.62 2 0
github.com/marekbrze/dopadone/internal/service/area_service.go:142.62,144.5 1 0
github.com/marekbrze/dopadone/internal/service/area_service.go:146.3,146.13 1 0
github.com/marekbrze/dopadone/internal/service/area_service.go:151.72,159.2 4 0
github.com/marekbrze/dopadone/internal/service/area_service.go:162.72,163.17 1 0
github.com/marekbrze/dopadone/internal/service/area_service.go:163.17,164.62 1 0
github.com/marekbrze/dopadone/internal/service/area_service.go:164.62,166.4 1 0
github.com/marekbrze/dopadone/internal/service/area_service.go:167.3,167.65 1 0
github.com/marekbrze/dopadone/internal/service/area_service.go:167.65,169.4 1 0
github.com/marekbrze/dopadone/internal/service/area_service.go:170.3,170.62 1 0
github.com/marekbrze/dopadone/internal/service/area_service.go:170.62,172.4 1 0
github.com/marekbrze/dopadone/internal/service/area_service.go:173.3,173.40 1 0
github.com/marekbrze/dopadone/internal/service/area_service.go:176.2,176.82 1 0
github.com/marekbrze/dopadone/internal/service/area_service.go:176.82,177.58 1 0
github.com/marekbrze/dopadone/internal/service/area_service.go:177.58,179.4 1 0
github.com/marekbrze/dopadone/internal/service/area_service.go:180.3,180.61 1 0
github.com/marekbrze/dopadone/internal/service/area_service.go:180.61,182.4 1 0
github.com/marekbrze/dopadone/internal/service/area_service.go:183.3,183.58 1 0
github.com/marekbrze/dopadone/internal/service/area_service.go:183.58,185.4 1 0
github.com/marekbrze/dopadone/internal/service/area_service.go:186.3,186.36 1 0
github.com/marekbrze/dopadone/internal/service/area_service.go:191.84,193.16 2 0
github.com/marekbrze/dopadone/internal/service/area_service.go:193.16,195.3 1 0
github.com/marekbrze/dopadone/internal/service/area_service.go:197.2,198.16 2 0
github.com/marekbrze/dopadone/internal/service/area_service.go:198.16,200.3 1 0
github.com/marekbrze/dopadone/internal/service/area_service.go:202.2,203.16 2 0
github.com/marekbrze/dopadone/internal/service/area_service.go:203.16,205.3 1 0
github.com/marekbrze/dopadone/internal/service/area_service.go:207.2,211.8 1 0
github.com/marekbrze/dopadone/internal/service/project_service.go:32.84,34.2 1 1
github.com/marekbrze/dopadone/internal/service/project_service.go:51.107,52.28 1 1
github.com/marekbrze/dopadone/internal/service/project_service.go:52.28,53.78 1 0
github.com/marekbrze/dopadone/internal/service/project_service.go:53.78,55.4 1 0
github.com/marekbrze/dopadone/internal/service/project_service.go:58.2,72.16 2 1
github.com/marekbrze/dopadone/internal/service/project_service.go:72.16,74.3 1 1
github.com/marekbrze/dopadone/internal/service/project_service.go:76.2,96.16 3 1
github.com/marekbrze/dopadone/internal/service/project_service.go:96.16,98.3 1 0
github.com/marekbrze/dopadone/internal/service/project_service.go:100.2,101.21 2 1
github.com/marekbrze/dopadone/internal/service/project_service.go:104.91,106.16 2 1
github.com/marekbrze/dopadone/internal/service/project_service.go:106.16,107.36 1 1
github.com/marekbrze/dopadone/internal/service/project_service.go:107.36,109.4 1 1
github.com/marekbrze/dopadone/internal/service/project_service.go:110.3,110.18 1 0
github.com/marekbrze/dopadone/internal/service/project_service.go:112.2,113.21 2 1
github.com/marekbrze/dopadone/internal/service/project_service.go:116.105,118.16 2 0
github.com/marekbrze/dopadone/internal/service/project_service.go:118.16,120.3 1 0
github.com/marekbrze/dopadone/internal/service/project_service.go:122.2,123.27 2 0
github.com/marekbrze/dopadone/internal/service/project_service.go:123.27,125.3 1 0
github.com/marekbrze/dopadone/internal/service/project_service.go:126.2,126.22 1 0
github.com/marekbrze/dopadone/internal/service/project_service.go:129.103,131.16 2 0
github.com/marekbrze/dopadone/internal/service/project_service.go:131.16,133.3 1 0
github.com/marekbrze/dopadone/internal/service/project_service.go:135.2,136.27 2 0
github.com/marekbrze/dopadone/internal/service/project_service.go:136.27,138.3 1 0
github.com/marekbrze/dopadone/internal/service/project_service.go:139.2,139.22 1 0
github.com/marekbrze/dopadone/internal/service/project_service.go:142.81,144.16 2 1
github.com/marekbrze/dopadone/internal/service/project_service.go:144.16,146.3 1 0
github.com/marekbrze/dopadone/internal/service/project_service.go:148.2,149.27 2 1
github.com/marekbrze/dopadone/internal/service/project_service.go:149.27,151.3 1 1
github.com/marekbrze/dopadone/internal/service/project_service.go:152.2,152.22 1 1
github.com/marekbrze/dopadone/internal/service/project_service.go:155.115,157.16 2 0
github.com/marekbrze/dopadone/internal/service/project_service.go:157.16,159.3 1 0
github.com/marekbrze/dopadone/internal/service/project_service.go:161.2,162.27 2 0
github.com/marekbrze/dopadone/internal/service/project_service.go:162.27,164.3 1 0
github.com/marekbrze/dopadone/internal/service/project_service.go:165.2,165.22 1 0
github.com/marekbrze/dopadone/internal/service/project_service.go:168.114,170.16 2 1
github.com/marekbrze/dopadone/internal/service/project_service.go:170.16,172.3 1 0
github.com/marekbrze/dopadone/internal/service/project_service.go:174.2,175.27 2 1
github.com/marekbrze/dopadone/internal/service/project_service.go:175.27,177.3 1 1
github.com/marekbrze/dopadone/internal/service/project_service.go:178.2,178.22 1 1
github.com/marekbrze/dopadone/internal/service/project_service.go:181.97,182.19 1 0
github.com/marekbrze/dopadone/internal/service/project_service.go:182.19,184.3 1 0
github.com/marekbrze/dopadone/internal/service/project_service.go:186.2,187.16 2 0
github.com/marekbrze/dopadone/internal/service/project_service.go:187.16,189.3 1 0
github.com/marekbrze/dopadone/internal/service/project_service.go:191.2,192.27 2 0
github.com/marekbrze/dopadone/internal/service/project_service.go:192.27,194.3 1 0
github.com/marekbrze/dopadone/internal/service/project_service.go:195.2,195.22 1 0
github.com/marekbrze/dopadone/internal/service/project_service.go:198.114,199.21 1 1
github.com/marekbrze/dopadone/internal/service/project_service.go:199.21,201.3 1 1
github.com/marekbrze/dopadone/internal/service/project_service.go:203.2,207.16 2 1
github.com/marekbrze/dopadone/internal/service/project_service.go:207.16,209.3 1 1
github.com/marekbrze/dopadone/internal/service/project_service.go:211.2,212.27 2 1
github.com/marekbrze/dopadone/internal/service/project_service.go:212.27,214.3 1 1
github.com/marekbrze/dopadone/internal/service/project_service.go:215.2,215.22 1 1
github.com/marekbrze/dopadone/internal/service/project_service.go:234.107,235.28 1 0
github.com/marekbrze/dopadone/internal/service/project_service.go:235.28,236.85 1 0
github.com/marekbrze/dopadone/internal/service/project_service.go:236.85,238.4 1 0
github.com/marekbrze/dopadone/internal/service/project_service.go:241.2,259.16 3 0
github.com/marekbrze/dopadone/internal/service/project_service.go:259.16,260.36 1 0
github.com/marekbrze/dopadone/internal/service/project_service.go:260.36,262.4 1 0
github.com/marekbrze/dopadone/internal/service/project_service.go:263.3,263.18 1 0
github.com/marekbrze/dopadone/internal/service/project_service.go:266.2,267.21 2 0
github.com/marekbrze/dopadone/internal/service/project_service.go:270.75,277.16 4 0
github.com/marekbrze/dopadone/internal/service/project_service.go:277.16,278.36 1 0
github.com/marekbrze/dopadone/internal/service/project_service.go:278.36,280.4 1 0
github.com/marekbrze/dopadone/internal/service/project_service.go:281.3,281.13 1 0
github.com/marekbrze/dopadone/internal/service/project_service.go:283.2,283.12 1 0
github.com/marekbrze/dopadone/internal/service/project_service.go:286.75,287.17 1 0
github.com/marekbrze/dopadone/internal/service/project_service.go:287.17,288.64 1 0
github.com/marekbrze/dopadone/internal/service/project_service.go:288.64,290.4 1 0
github.com/marekbrze/dopadone/internal/service/project_service.go:291.3,291.43 1 0
github.com/marekbrze/dopadone/internal/service/project_service.go:294.2,294.82 1 0
github.com/marekbrze/dopadone/internal/service/project_service.go:294.82,295.60 1 0
github.com/marekbrze/dopadone/internal/service/project_service.go:295.60,297.4 1 0
github.com/marekbrze/dopadone/internal/service/project_service.go:298.3,298.39 1 0
github.com/marekbrze/dopadone/internal/service/project_service.go:302.105,304.16 2 0
github.com/marekbrze/dopadone/internal/service/project_service.go:304.16,306.3 1 0
github.com/marekbrze/dopadone/internal/service/project_service.go:308.2,308.33 1 0
github.com/marekbrze/dopadone/internal/service/project_service.go:308.33,309.65 1 0
github.com/marekbrze/dopadone/internal/service/project_service.go:309.65,311.4 1 0
github.com/marekbrze/dopadone/internal/service/project_service.go:312.3,312.65 1 0
github.com/marekbrze/dopadone/internal/service/project_service.go:312.65,314.4 1 0
github.com/marekbrze/dopadone/internal/service/project_service.go:315.3,315.60 1 0
github.com/marekbrze/dopadone/internal/service/project_service.go:315.60,317.4 1 0
github.com/marekbrze/dopadone/internal/service/project_service.go:320.2,320.49 1 0
github.com/marekbrze/dopadone/internal/service/project_service.go:323.86,325.16 2 1
github.com/marekbrze/dopadone/internal/service/project_service.go:325.16,326.36 1 1
github.com/marekbrze/dopadone/internal/service/project_service.go:326.36,328.4 1 1
github.com/marekbrze/dopadone/internal/service/project_service.go:329.3,329.51 1 1
github.com/marekbrze/dopadone/internal/service/project_service.go:332.2,332.30 1 1
github.com/marekbrze/dopadone/internal/service/project_service.go:332.30,334.3 1 1
github.com/marekbrze/dopadone/internal/service/project_service.go:336.2,336.17 1 1
github.com/marekbrze/dopadone/internal/service/project_service.go:336.17,338.3 1 1
github.com/marekbrze/dopadone/internal/service/project_service.go:340.2,340.82 1 0
github.com/marekbrze/dopadone/internal/service/project_service.go:340.82,342.3 1 0
github.com/marekbrze/dopadone/internal/service/project_service.go:345.105,347.16 2 1
github.com/marekbrze/dopadone/internal/service/project_service.go:347.16,349.3 1 1
github.com/marekbrze/dopadone/internal/service/project_service.go:351.2,351.33 1 1
github.com/marekbrze/dopadone/internal/service/project_service.go:351.33,352.65 1 1
github.com/marekbrze/dopadone/internal/service/project_service.go:352.65,354.4 1 0
github.com/marekbrze/dopadone/internal/service/project_service.go:357.2,361.17 2 1
github.com/marekbrze/dopadone/internal/service/project_service.go:361.17,363.3 1 1
github.com/marekbrze/dopadone/internal/service/project_service.go:365.2,369.16 2 1
github.com/marekbrze/dopadone/internal/service/project_service.go:369.16,371.3 1 1
github.com/marekbrze/dopadone/internal/service/project_service.go:373.2,373.12 1 1
github.com/marekbrze/dopadone/internal/service/project_service.go:376.90,378.16 2 1
github.com/marekbrze/dopadone/internal/service/project_service.go:378.16,380.3 1 0
github.com/marekbrze/dopadone/internal/service/project_service.go:382.2,383.16 2 1
github.com/marekbrze/dopadone/internal/service/project_service.go:383.16,385.3 1 0
github.com/marekbrze/dopadone/internal/service/project_service.go:387.2,390.8 1 1
github.com/marekbrze/dopadone/internal/service/project_service.go:393.112,394.46 1 1
github.com/marekbrze/dopadone/internal/service/project_service.go:394.46,396.3 1 1
github.com/marekbrze/dopadone/internal/service/project_service.go:398.2,399.6 2 1
github.com/marekbrze/dopadone/internal/service/project_service.go:399.6,401.17 2 1
github.com/marekbrze/dopadone/internal/service/project_service.go:401.17,402.37 1 1
github.com/marekbrze/dopadone/internal/service/project_service.go:402.37,404.5 1 0
github.com/marekbrze/dopadone/internal/service/project_service.go:405.4,405.14 1 1
github.com/marekbrze/dopadone/internal/service/project_service.go:408.3,408.49 1 1
github.com/marekbrze/dopadone/internal/service/project_service.go:408.49,410.4 1 0
github.com/marekbrze/dopadone/internal/service/project_service.go:412.3,412.29 1 1
github.com/marekbrze/dopadone/internal/service/project_service.go:412.29,414.4 1 1
github.com/marekbrze/dopadone/internal/service/project_service.go:414.9,415.9 1 1
github.com/marekbrze/dopadone/internal/service/project_service.go:419.2,419.12 1 1
github.com/marekbrze/dopadone/internal/service/project_service.go:422.34,423.14 1 1
github.com/marekbrze/dopadone/internal/service/project_service.go:423.14,425.3 1 1
github.com/marekbrze/dopadone/internal/service/project_service.go:426.2,426.11 1 1
github.com/marekbrze/dopadone/internal/service/subarea_service.go:27.84,29.2 1 1
github.com/marekbrze/dopadone/internal/service/subarea_service.go:31.127,33.16 2 1
github.com/marekbrze/dopadone/internal/service/subarea_service.go:33.16,35.3 1 1
github.com/marekbrze/dopadone/internal/service/subarea_service.go:37.2,48.16 3 1
github.com/marekbrze/dopadone/internal/service/subarea_service.go:48.16,50.3 1 0
github.com/marekbrze/dopadone/internal/service/subarea_service.go:52.2,53.21 2 1
github.com/marekbrze/dopadone/internal/service/subarea_service.go:56.91,58.16 2 1
github.com/marekbrze/dopadone/internal/service/subarea_service.go:58.16,59.36 1 1
github.com/marekbrze/dopadone/internal/service/subarea_service.go:59.36,61.4 1 1
github.com/marekbrze/dopadone/internal/service/subarea_service.go:62.3,62.18 1 0
github.com/marekbrze/dopadone/internal/service/subarea_service.go:64.2,65.21 2 1
github.com/marekbrze/dopadone/internal/service/subarea_service.go:68.99,70.16 2 1
github.com/marekbrze/dopadone/internal/service/subarea_service.go:70.16,72.3 1 0
github.com/marekbrze/dopadone/internal/service/subarea_service.go:74.2,75.27 2 1
github.com/marekbrze/dopadone/internal/service/subarea_service.go:75.27,78.3 2 1
github.com/marekbrze/dopadone/internal/service/subarea_service.go:79.2,79.22 1 1
github.com/marekbrze/dopadone/internal/service/subarea_service.go:82.138,92.16 3 0
github.com/marekbrze/dopadone/internal/service/subarea_service.go:92.16,93.36 1 0
github.com/marekbrze/dopadone/internal/service/subarea_service.go:93.36,95.4 1 0
github.com/marekbrze/dopadone/internal/service/subarea_service.go:96.3,96.18 1 0
github.com/marekbrze/dopadone/internal/service/subarea_service.go:99.2,100.21 2 0
github.com/marekbrze/dopadone/internal/service/subarea_service.go:103.75,110.16 4 0
github.com/marekbrze/dopadone/internal/service/subarea_service.go:110.16,111.36 1 0
github.com/marekbrze/dopadone/internal/service/subarea_service.go:111.36,113.4 1 0
github.com/marekbrze/dopadone/internal/service/subarea_service.go:114.3,114.13 1 0
github.com/marekbrze/dopadone/internal/service/subarea_service.go:116.2,116.12 1 0
github.com/marekbrze/dopadone/internal/service/subarea_service.go:119.75,120.17 1 0
github.com/marekbrze/dopadone/internal/service/subarea_service.go:120.17,121.101 1 0
github.com/marekbrze/dopadone/internal/service/subarea_service.go:121.101,123.4 1 0
github.com/marekbrze/dopadone/internal/service/subarea_service.go:124.3,124.104 1 0
github.com/marekbrze/dopadone/internal/service/subarea_service.go:124.104,126.4 1 0
github.com/marekbrze/dopadone/internal/service/subarea_service.go:127.3,127.43 1 0
github.com/marekbrze/dopadone/internal/service/subarea_service.go:130.2,130.82 1 0
github.com/marekbrze/dopadone/internal/service/subarea_service.go:130.82,131.97 1 0
github.com/marekbrze/dopadone/internal/service/subarea_service.go:131.97,133.4 1 0
github.com/marekbrze/dopadone/internal/service/subarea_service.go:134.3,134.100 1 0
github.com/marekbrze/dopadone/internal/service/subarea_service.go:134.100,136.4 1 0
github.com/marekbrze/dopadone/internal/service/subarea_service.go:137.3,137.39 1 0
github.com/marekbrze/dopadone/internal/service/subarea_service.go:141.90,143.16 2 1
github.com/marekbrze/dopadone/internal/service/subarea_service.go:143.16,145.3 1 0
github.com/marekbrze/dopadone/internal/service/subarea_service.go:147.2,149.8 1 1
github.com/marekbrze/dopadone/internal/service/subarea_service.go:152.128,154.2 1 1
github.com/marekbrze/dopadone/internal/service/subarea_service.go:156.81,158.16 2 1
github.com/marekbrze/dopadone/internal/service/subarea_service.go:158.16,160.3 1 0
github.com/marekbrze/dopadone/internal/service/subarea_service.go:162.2,163.27 2 1
github.com/marekbrze/dopadone/internal/service/subarea_service.go:163.27,166.3 2 1
github.com/marekbrze/dopadone/internal/service/subarea_service.go:167.2,167.22 1 1
github.com/marekbrze/dopadone/internal/service/task_service.go:24.118,26.2 1 1
github.com/marekbrze/dopadone/internal/service/task_service.go:41.98,54.16 2 1
github.com/marekbrze/dopadone/internal/service/task_service.go:54.16,56.3 1 1
github.com/marekbrze/dopadone/internal/service/task_service.go:58.2,59.17 2 1
github.com/marekbrze/dopadone/internal/service/task_service.go:59.17,61.3 1 0
github.com/marekbrze/dopadone/internal/service/task_service.go:63.2,64.33 2 1
github.com/marekbrze/dopadone/internal/service/task_service.go:64.33,66.3 1 0
github.com/marekbrze/dopadone/internal/service/task_service.go:68.2,86.16 3 1
github.com/marekbrze/dopadone/internal/service/task_service.go:86.16,88.3 1 0
github.com/marekbrze/dopadone/internal/service/task_service.go:90.2,91.21 2 1
github.com/marekbrze/dopadone/internal/service/task_service.go:94.85,96.16 2 1
github.com/marekbrze/dopadone/internal/service/task_service.go:96.16,97.36 1 1
github.com/marekbrze/dopadone/internal/service/task_service.go:97.36,99.4 1 1
github.com/marekbrze/dopadone/internal/service/task_service.go:100.3,100.18 1 0
github.com/marekbrze/dopadone/internal/service/task_service.go:102.2,103.21 2 1
github.com/marekbrze/dopadone/internal/service/task_service.go:106.99,108.16 2 1
github.com/marekbrze/dopadone/internal/service/task_service.go:108.16,110.3 1 0
github.com/marekbrze/dopadone/internal/service/task_service.go:112.2,113.27 2 1
github.com/marekbrze/dopadone/internal/service/task_service.go:113.27,115.3 1 1
github.com/marekbrze/dopadone/internal/service/task_service.go:116.2,116.19 1 1
github.com/marekbrze/dopadone/internal/service/task_service.go:119.108,120.21 1 1
github.com/marekbrze/dopadone/internal/service/task_service.go:120.21,122.3 1 1
github.com/marekbrze/dopadone/internal/service/task_service.go:124.2,128.16 2 1
github.com/marekbrze/dopadone/internal/service/task_service.go:128.16,130.3 1 1
github.com/marekbrze/dopadone/internal/service/task_service.go:132.2,133.27 2 1
github.com/marekbrze/dopadone/internal/service/task_service.go:133.27,135.3 1 1
github.com/marekbrze/dopadone/internal/service/task_service.go:136.2,136.19 1 1
github.com/marekbrze/dopadone/internal/service/task_service.go:139.108,141.16 2 0
github.com/marekbrze/dopadone/internal/service/task_service.go:141.16,143.3 1 0
github.com/marekbrze/dopadone/internal/service/task_service.go:145.2,148.29 3 0
github.com/marekbrze/dopadone/internal/service/task_service.go:148.29,149.27 1 0
github.com/marekbrze/dopadone/internal/service/task_service.go:149.27,151.4 1 0
github.com/marekbrze/dopadone/internal/service/task_service.go:154.2,154.52 1 0
github.com/marekbrze/dopadone/internal/service/task_service.go:154.52,157.31 2 0
github.com/marekbrze/dopadone/internal/service/task_service.go:157.31,159.4 1 0
github.com/marekbrze/dopadone/internal/service/task_service.go:161.3,162.17 2 0
github.com/marekbrze/dopadone/internal/service/task_service.go:162.17,163.37 1 0
github.com/marekbrze/dopadone/internal/service/task_service.go:163.37,165.5 1 0
github.com/marekbrze/dopadone/internal/service/task_service.go:169.2,171.26 2 0
github.com/marekbrze/dopadone/internal/service/task_service.go:174.106,176.16 2 0
github.com/marekbrze/dopadone/internal/service/task_service.go:176.16,178.3 1 0
github.com/marekbrze/dopadone/internal/service/task_service.go:180.2,181.27 2 0
github.com/marekbrze/dopadone/internal/service/task_service.go:181.27,183.3 1 0
github.com/marekbrze/dopadone/internal/service/task_service.go:184.2,184.19 1 0
github.com/marekbrze/dopadone/internal/service/task_service.go:187.112,189.16 2 0
github.com/marekbrze/dopadone/internal/service/task_service.go:189.16,191.3 1 0
github.com/marekbrze/dopadone/internal/service/task_service.go:193.2,194.27 2 0
github.com/marekbrze/dopadone/internal/service/task_service.go:194.27,196.3 1 0
github.com/marekbrze/dopadone/internal/service/task_service.go:197.2,197.19 1 0
github.com/marekbrze/dopadone/internal/service/task_service.go:200.76,202.16 2 0
github.com/marekbrze/dopadone/internal/service/task_service.go:202.16,204.3 1 0
github.com/marekbrze/dopadone/internal/service/task_service.go:206.2,207.27 2 0
github.com/marekbrze/dopadone/internal/service/task_service.go:207.27,209.3 1 0
github.com/marekbrze/dopadone/internal/service/task_service.go:210.2,210.19 1 0
github.com/marekbrze/dopadone/internal/service/task_service.go:213.75,215.16 2 1
github.com/marekbrze/dopadone/internal/service/task_service.go:215.16,217.3 1 0
github.com/marekbrze/dopadone/internal/service/task_service.go:219.2,220.27 2 1
github.com/marekbrze/dopadone/internal/service/task_service.go:220.27,222.3 1 1
github.com/marekbrze/dopadone/internal/service/task_service.go:223.2,223.19 1 1
github.com/marekbrze/dopadone/internal/service/task_service.go:239.98,241.19 2 1
github.com/marekbrze/dopadone/internal/service/task_service.go:241.19,243.3 1 0
github.com/marekbrze/dopadone/internal/service/task_service.go:245.2,246.35 2 1
github.com/marekbrze/dopadone/internal/service/task_service.go:246.35,248.3 1 0
github.com/marekbrze/dopadone/internal/service/task_service.go:250.2,265.16 3 1
github.com/marekbrze/dopadone/internal/service/task_service.go:265.16,266.36 1 0
github.com/marekbrze/dopadone/internal/service/task_service.go:266.36,268.4 1 0
github.com/marekbrze/dopadone/internal/service/task_service.go:269.3,269.18 1 0
github.com/marekbrze/dopadone/internal/service/task_service.go:272.2,273.21 2 1
github.com/marekbrze/dopadone/internal/service/task_service.go:276.72,283.16 4 0
github.com/marekbrze/dopadone/internal/service/task_service.go:283.16,284.36 1 0
github.com/marekbrze/dopadone/internal/service/task_service.go:284.36,286.4 1 0
github.com/marekbrze/dopadone/internal/service/task_service.go:287.3,287.13 1 0
github.com/marekbrze/dopadone/internal/service/task_service.go:289.2,289.12 1 0
github.com/marekbrze/dopadone/internal/service/task_service.go:292.72,294.2 1 0
github.com/marekbrze/dopadone/internal/service/task_service.go:296.113,298.16 2 1
github.com/marekbrze/dopadone/internal/service/task_service.go:298.16,300.3 1 1
github.com/marekbrze/dopadone/internal/service/task_service.go:302.2,302.47 1 1
github.com/marekbrze/dopadone/internal/service/task_service.go:302.47,304.3 1 0
github.com/marekbrze/dopadone/internal/service/task_service.go:306.2,317.4 1 1
github.com/marekbrze/dopadone/internal/service/task_service.go:320.91,322.2 1 1
github.com/marekbrze/dopadone/internal/service/task_service.go:324.119,326.16 2 0
github.com/marekbrze/dopadone/internal/service/task_service.go:326.16,328.3 1 0
github.com/marekbrze/dopadone/internal/service/task_service.go:330.2,330.51 1 0
github.com/marekbrze/dopadone/internal/service/task_service.go:330.51,332.3 1 0
github.com/marekbrze/dopadone/internal/service/task_service.go:334.2,345.4 1 0
github.com/marekbrze/dopadone/internal/service/task_service.go:348.90,350.16 2 1
github.com/marekbrze/dopadone/internal/service/task_service.go:350.16,352.3 1 1
github.com/marekbrze/dopadone/internal/service/task_service.go:354.2,355.17 2 1
github.com/marekbrze/dopadone/internal/service/task_service.go:355.17,357.3 1 0
github.com/marekbrze/dopadone/internal/service/task_service.go:357.8,359.3 1 1
github.com/marekbrze/dopadone/internal/service/task_service.go:361.2,368.16 3 1
github.com/marekbrze/dopadone/internal/service/task_service.go:368.16,369.36 1 0
github.com/marekbrze/dopadone/internal/service/task_service.go:369.36,371.4 1 0
github.com/marekbrze/dopadone/internal/service/task_service.go:372.3,372.18 1 0
github.com/marekbrze/dopadone/internal/service/task_service.go:375.2,376.21 2 1
